<?xml version="1.0" encoding="UTF-8"?>
<!-- Generated by org.testng.reporters.JUnitReportReporter -->
<testsuite skipped="0" hostname="Srikrishna" name="TestNG.Yahoo" tests="4" failures="0" timestamp="31 May 2020 13:26:30 GMT" time="0.007" errors="0">
  <testcase name="launchBrowser" time="0.001" classname="TestNG.Yahoo"/>
  <testcase name="loadYahoo" time="0.002" classname="TestNG.Yahoo"/>
  <testcase name="composeMail" time="0.002" classname="TestNG.Yahoo"/>
  <testcase name="Logout" time="0.002" classname="TestNG.Yahoo"/>
</testsuite> <!-- TestNG.Yahoo -->
