<?xml version="1.0" encoding="UTF-8"?>
<!-- Generated by org.testng.reporters.JUnitReportReporter -->
<testsuite skipped="0" hostname="Srikrishna" name="TestNG.Gmail" tests="5" failures="0" timestamp="28 May 2020 13:43:22 GMT" time="0.039" errors="0">
  <testcase name="launchBrowser" time="0.010" classname="TestNG.Gmail"/>
  <testcase name="loadGmail" time="0.005" classname="TestNG.Gmail"/>
  <testcase name="composeMail" time="0.003" classname="TestNG.Gmail"/>
  <testcase name="Logout" time="0.004" classname="TestNG.Gmail"/>
  <testcase name="closeDB" time="0.017" classname="TestNG.Gmail"/>
</testsuite> <!-- TestNG.Gmail -->
