<?xml version="1.0" encoding="UTF-8"?>
<!-- Generated by org.testng.reporters.JUnitReportReporter -->
<testsuite skipped="0" hostname="Srikrishna" name="DataProvider.DataProvider1" tests="2" failures="0" timestamp="30 May 2020 13:08:51 GMT" time="0.022" errors="0">
  <testcase name="loginTest" time="0.004" classname="DataProvider.DataProvider1"/>
  <testcase name="loginTest" time="0.018" classname="DataProvider.DataProvider1"/>
</testsuite> <!-- DataProvider.DataProvider1 -->
