<?xml version="1.0" encoding="UTF-8"?>
<!-- Generated by org.testng.reporters.JUnitReportReporter -->
<testsuite skipped="0" hostname="Srikrishna" name="TestNG.Test1" tests="4" failures="0" timestamp="11 May 2020 13:29:46 GMT" time="0.026" errors="0">
  <testcase name="launchBrowser" time="0.003" classname="TestNG.Test1"/>
  <testcase name="loadGmail" time="0.002" classname="TestNG.Test1"/>
  <testcase name="Logout" time="0.019" classname="TestNG.Test1"/>
  <testcase name="composeMail" time="0.002" classname="TestNG.Test1"/>
</testsuite> <!-- TestNG.Test1 -->
