<?xml version="1.0" encoding="UTF-8"?>
<!-- Generated by org.testng.reporters.JUnitReportReporter -->
<testsuite skipped="0" hostname="Srikrishna" name="TestNG.Gmail" tests="5" failures="0" timestamp="29 May 2020 09:12:26 GMT" time="0.017" errors="0">
  <testcase name="launchBrowser" time="0.014" classname="TestNG.Gmail"/>
  <testcase name="loadGmail" time="0.002" classname="TestNG.Gmail"/>
  <testcase name="composeMail" time="0.000" classname="TestNG.Gmail"/>
  <testcase name="Logout" time="0.001" classname="TestNG.Gmail"/>
  <testcase name="closeDB" time="0.000" classname="TestNG.Gmail"/>
</testsuite> <!-- TestNG.Gmail -->
